ans 57448804
ans 57448805
ans 57448806
ans 57448807
ans 57448808
ans 57448809
ans 57448810
ans 57448811
ans 57448812
ans 57448813
ans 57448814
ans 57448815
ans 57448816
ans 57448817
ans 57448818
ans 57448819
ans 57448820
ans 57448821
ans 57448822
ans 57448823
ans 57448824
ans 57448825
ans 57448826
ans 57448827
ans 57448828
ans 57448829
ans 57448830
ans 57448831
ans 57448832
ans 57448833
ans 57448834
ans 57448835
ans 57448836
ans 57448837
ans 57448838
ans 57448839
ans 57448840
ans 57448841
ans 57448842
ans 57448843
ans 57448844
ans 57448845
ans 57448846
ans 57448847
ans 57448848
ans 57448849
ans 57448850
ans 57448851
ans 57448852
ans 57448853
ans 57448854
ans 57448855
ans 57448856
ans 57448857
ans 57448858
ans 57448859
ans 57448860
ans 57448861
ans 57448862
ans 57448863
ans 57448864
ans 57448865
ans 57448866
ans 57448867
ans 57448868
ans 57448869
ans 57448870
ans 57448871
ans 57448872
ans 57448873
ans 57448874
ans 57448875
ans 57448876
ans 57448877
ans 57448878
ans 57448879
ans 57448880
ans 57448881
ans 57448882
ans 57448883
ans 57448884
ans 57448885
ans 57448886
ans 57448887
ans 57448888
ans 57448889
ans 57448890
ans 57448891
ans 57448892
ans 57448893
ans 57448894
ans 57448895
ans 57448896
ans 57448897
ans 57448898
ans 57448899
ans 57448900
ans 57448901
ans 57448902
ans 57448903
ans 57448904
ans 57448905
ans 57448906
ans 57448907
ans 57448908
ans 57448909
ans 57448910
ans 57448911
ans 57448912
ans 57448913
ans 57448914
ans 57448915
ans 57448916
ans 57448917
ans 57448918
ans 57448919
ans 57448920
ans 57448921
ans 57448922
ans 57448923
ans 57448924
ans 57448925
ans 57448926
ans 57448927
ans 57448928
ans 57448929
